Using pre-set license
Built from '2021.1/staging' branch; Version is '2021.1.22f1 (a137e5fb0427) revision 10565605'; Using compiler version '192528614'; Build Type 'Release'
OS: 'Windows 10 Home; OS build 19042.1348; Version 2009; 64bit' Language: 'pt' Physical Memory: 16330 MB
BatchMode: 1, IsHumanControllingUs: 0, StartBugReporterOnCrash: 0, Is64bit: 1, IsPro: 0

COMMAND LINE ARGUMENTS:
C:\Program Files\Unity\Hub\Editor\2021.1.22f1\Editor\Unity.exe
-adb2
-batchMode
-noUpm
-name
AssetImportWorker0
-projectPath
C:/Users/Pedro Nunes/Documents/GitHub/SidiaBoardGame/SidiaBoardgame
-logFile
Logs/AssetImportWorker0.log
-srvPort
57087
Successfully changed project path to: C:/Users/Pedro Nunes/Documents/GitHub/SidiaBoardGame/SidiaBoardgame
C:/Users/Pedro Nunes/Documents/GitHub/SidiaBoardGame/SidiaBoardgame
Using Asset Import Pipeline V2.
Refreshing native plugins compatible for Editor in 92.86 ms, found 3 plugins.
Preloading 0 native plugins for Editor in 0.00 ms.
Initialize engine version: 2021.1.22f1 (a137e5fb0427)
[Subsystems] Discovering subsystems at path C:/Program Files/Unity/Hub/Editor/2021.1.22f1/Editor/Data/Resources/UnitySubsystems
[Subsystems] Discovering subsystems at path C:/Users/Pedro Nunes/Documents/GitHub/SidiaBoardGame/SidiaBoardgame/Assets
GfxDevice: creating device client; threaded=0; jobified=0
Direct3D:
    Version:  Direct3D 11.0 [level 11.1]
    Renderer: NVIDIA GeForce GTX 1050 Ti (ID=0x1c82)
    Vendor:   NVIDIA
    VRAM:     4018 MB
    Driver:   27.21.14.5671
Initialize mono
Mono path[0] = 'C:/Program Files/Unity/Hub/Editor/2021.1.22f1/Editor/Data/Managed'
Mono path[1] = 'C:/Program Files/Unity/Hub/Editor/2021.1.22f1/Editor/Data/MonoBleedingEdge/lib/mono/unityjit'
Mono config path = 'C:/Program Files/Unity/Hub/Editor/2021.1.22f1/Editor/Data/MonoBleedingEdge/etc'
Using monoOptions --debugger-agent=transport=dt_socket,embedding=1,server=y,suspend=n,address=127.0.0.1:56796
Begin MonoManager ReloadAssembly
Registering precompiled unity dll's ...
Register platform support module: C:/Program Files/Unity/Hub/Editor/2021.1.22f1/Editor/Data/PlaybackEngines/WindowsStandaloneSupport/UnityEditor.WindowsStandalone.Extensions.dll
Registered in 0.002535 seconds.
Native extension for WindowsStandalone target not found
Refreshing native plugins compatible for Editor in 91.95 ms, found 3 plugins.
Preloading 0 native plugins for Editor in 0.00 ms.
Mono: successfully reloaded assembly
- Completed reload, in  1.488 seconds
Domain Reload Profiling:
	ReloadAssembly (1488ms)
		BeginReloadAssembly (77ms)
			ExecutionOrderSort (0ms)
			DisableScriptedObjects (0ms)
			BackupInstance (0ms)
			ReleaseScriptingObjects (0ms)
			CreateAndSetChildDomain (1ms)
		EndReloadAssembly (527ms)
			LoadAssemblies (74ms)
			RebuildTransferFunctionScriptingTraits (0ms)
			SetupTypeCache (191ms)
			ReleaseScriptCaches (0ms)
			RebuildScriptCaches (31ms)
			SetupLoadedEditorAssemblies (251ms)
				LogAssemblyErrors (0ms)
				InitializePlatformSupportModulesInManaged (7ms)
				SetLoadedEditorAssemblies (0ms)
				RefreshPlugins (92ms)
				BeforeProcessingInitializeOnLoad (2ms)
				ProcessInitializeOnLoadAttributes (115ms)
				ProcessInitializeOnLoadMethodAttributes (35ms)
				AfterProcessingInitializeOnLoad (0ms)
				EditorAssembliesLoaded (0ms)
			ExecutionOrderSort2 (0ms)
			AwakeInstancesAfterBackupRestoration (0ms)
Platform modules already initialized, skipping
Registering precompiled user dll's ...
Registered in 0.005843 seconds.
Begin MonoManager ReloadAssembly
Symbol file LoadedFromMemory doesn't match image C:\Users\Pedro Nunes\Documents\GitHub\SidiaBoardGame\SidiaBoardgame\Library\PackageCache\com.unity.visualscripting@1.6.1\Editor\VisualScripting.Core\Dependencies\YamlDotNet\Unity.VisualScripting.YamlDotNet.dll
Symbol file LoadedFromMemory doesn't match image C:\Users\Pedro Nunes\Documents\GitHub\SidiaBoardGame\SidiaBoardgame\Library\PackageCache\com.unity.visualscripting@1.6.1\Editor\VisualScripting.Core\Dependencies\DotNetZip\Unity.VisualScripting.IonicZip.dll
Native extension for WindowsStandalone target not found
Refreshing native plugins compatible for Editor in 0.62 ms, found 3 plugins.
Preloading 0 native plugins for Editor in 0.00 ms.
Mono: successfully reloaded assembly
- Completed reload, in  1.267 seconds
Domain Reload Profiling:
	ReloadAssembly (1268ms)
		BeginReloadAssembly (180ms)
			ExecutionOrderSort (0ms)
			DisableScriptedObjects (7ms)
			BackupInstance (0ms)
			ReleaseScriptingObjects (0ms)
			CreateAndSetChildDomain (22ms)
		EndReloadAssembly (1015ms)
			LoadAssemblies (109ms)
			RebuildTransferFunctionScriptingTraits (0ms)
			SetupTypeCache (395ms)
			ReleaseScriptCaches (1ms)
			RebuildScriptCaches (54ms)
			SetupLoadedEditorAssemblies (349ms)
				LogAssemblyErrors (0ms)
				InitializePlatformSupportModulesInManaged (6ms)
				SetLoadedEditorAssemblies (0ms)
				RefreshPlugins (1ms)
				BeforeProcessingInitializeOnLoad (73ms)
				ProcessInitializeOnLoadAttributes (253ms)
				ProcessInitializeOnLoadMethodAttributes (6ms)
				AfterProcessingInitializeOnLoad (10ms)
				EditorAssembliesLoaded (0ms)
			ExecutionOrderSort2 (0ms)
			AwakeInstancesAfterBackupRestoration (9ms)
Platform modules already initialized, skipping
========================================================================
Worker process is ready to serve import requests
Launched and connected shader compiler UnityShaderCompiler.exe after 0.07 seconds
Refreshing native plugins compatible for Editor in 0.99 ms, found 3 plugins.
Preloading 0 native plugins for Editor in 0.00 ms.
Unloading 3002 Unused Serialized files (Serialized files now loaded: 0)
System memory in use before: 109.1 MB.
System memory in use after: 109.3 MB.

Unloading 20 unused Assets to reduce memory usage. Loaded Objects now: 3449.
Total: 3.485600 ms (FindLiveObjects: 0.269900 ms CreateObjectMapping: 0.086300 ms MarkObjects: 3.059000 ms  DeleteObjects: 0.069200 ms)

AssetImportParameters requested are different than current active one (requested -> active):
  custom:framework-win-MediaFoundation: 216162199b28c13a410421893ffa2e32 -> 
  custom:video-decoder-ogg-theora: a1e56fd34408186e4bbccfd4996cb3dc -> 
  custom:container-muxer-webm: aa71ff27fc2769a1b78a27578f13a17b -> 
  custom:container-demuxer-webm: 4f35f7cbe854078d1ac9338744f61a02 -> 
  custom:container-demuxer-ogg: 62fdf1f143b41e24485cea50d1cbac27 -> 
  custom:video-encoder-webm-vp8: eb34c28f22e8b96e1ab97ce403110664 -> 
  custom:video-decoder-webm-vp8: 9c59270c3fd7afecdb556c50c9e8de78 -> 
  custom:audio-decoder-ogg-vorbis: bf7c407c2cedff20999df2af8eb42d56 -> 
  custom:audio-encoder-webm-vorbis: bf7c407c2cedff20999df2af8eb42d56 -> 
========================================================================
Received Import Request.
  path: Assets/Scenes/Menu.unity
  artifactKey: Guid(9fc0d4010bbf28b4594072e72b8655ab) Importer(815301076,1909f56bfc062723c751e8b465ee728b)
Start importing Assets/Scenes/Menu.unity using Guid(9fc0d4010bbf28b4594072e72b8655ab) Importer(815301076,1909f56bfc062723c751e8b465ee728b)  -> (artifact id: '0bf657d75e11fda13ec8f8fb57cf2169') in 0.014611 seconds 
========================================================================
Received Import Request.
  Time since last request: 4.893373 seconds.
  path: Assets/Scenes/MainMenu.unity
  artifactKey: Guid(9fc0d4010bbf28b4594072e72b8655ab) Importer(815301076,1909f56bfc062723c751e8b465ee728b)
Start importing Assets/Scenes/MainMenu.unity using Guid(9fc0d4010bbf28b4594072e72b8655ab) Importer(815301076,1909f56bfc062723c751e8b465ee728b)  -> (artifact id: '9fa2f992f42ac31071cc65cdc3b52686') in 0.010633 seconds 
========================================================================
Received Import Request.
  Time since last request: 173.960736 seconds.
  path: Assets/Scripts/Character Status
  artifactKey: Guid(1984ac87f0c78f7478436a4e8e4d1551) Importer(815301076,1909f56bfc062723c751e8b465ee728b)
Start importing Assets/Scripts/Character Status using Guid(1984ac87f0c78f7478436a4e8e4d1551) Importer(815301076,1909f56bfc062723c751e8b465ee728b)  -> (artifact id: '1e2ac97669548851dfe4108da0c95c28') in 0.009283 seconds 
========================================================================
Received Import Request.
  Time since last request: 8.589738 seconds.
  path: Assets/Scripts/Character Status/Character 1.asset
  artifactKey: Guid(f564c3ad21017e84da6c789f5a36a5b8) Importer(815301076,1909f56bfc062723c751e8b465ee728b)
Start importing Assets/Scripts/Character Status/Character 1.asset using Guid(f564c3ad21017e84da6c789f5a36a5b8) Importer(815301076,1909f56bfc062723c751e8b465ee728b) Fixing reference to the runtime script in scene file!
 -> (artifact id: '15c3db54292dc931094819b2bc4c971a') in 0.025814 seconds 
========================================================================
Received Import Request.
  Time since last request: 0.000204 seconds.
  path: Assets/Scripts/Character Status/Character 3.asset
  artifactKey: Guid(79fc44e318322ee46864d9e387671b7b) Importer(815301076,1909f56bfc062723c751e8b465ee728b)
Start importing Assets/Scripts/Character Status/Character 3.asset using Guid(79fc44e318322ee46864d9e387671b7b) Importer(815301076,1909f56bfc062723c751e8b465ee728b) Fixing reference to the runtime script in scene file!
 -> (artifact id: 'c653fc3d39267dc335b112fc060819e5') in 0.009228 seconds 
========================================================================
Received Import Request.
  Time since last request: 0.000220 seconds.
  path: Assets/Scripts/Character Status/Character 2.asset
  artifactKey: Guid(7d12ab691fde94a4a95985a6afb021dd) Importer(815301076,1909f56bfc062723c751e8b465ee728b)
Start importing Assets/Scripts/Character Status/Character 2.asset using Guid(7d12ab691fde94a4a95985a6afb021dd) Importer(815301076,1909f56bfc062723c751e8b465ee728b) Fixing reference to the runtime script in scene file!
 -> (artifact id: 'b714fe7638691bfe0db522e2147a1095') in 0.005077 seconds 
========================================================================
Received Import Request.
  Time since last request: 1.121434 seconds.
  path: Assets/Scripts/Character Status/CharacterStatus.cs
  artifactKey: Guid(2c79c5ffa868e474cafa060242f722d8) Importer(815301076,1909f56bfc062723c751e8b465ee728b)
Start importing Assets/Scripts/Character Status/CharacterStatus.cs using Guid(2c79c5ffa868e474cafa060242f722d8) Importer(815301076,1909f56bfc062723c751e8b465ee728b)  -> (artifact id: '40f39894f95b59a25ff60633d4409123') in 0.012042 seconds 
========================================================================
Received Prepare
Registering precompiled user dll's ...
Registered in 0.005681 seconds.
Begin MonoManager ReloadAssembly
Symbol file LoadedFromMemory doesn't match image C:\Users\Pedro Nunes\Documents\GitHub\SidiaBoardGame\SidiaBoardgame\Library\PackageCache\com.unity.visualscripting@1.6.1\Editor\VisualScripting.Core\Dependencies\YamlDotNet\Unity.VisualScripting.YamlDotNet.dll
Symbol file LoadedFromMemory doesn't match image C:\Users\Pedro Nunes\Documents\GitHub\SidiaBoardGame\SidiaBoardgame\Library\PackageCache\com.unity.visualscripting@1.6.1\Editor\VisualScripting.Core\Dependencies\DotNetZip\Unity.VisualScripting.IonicZip.dll
Native extension for WindowsStandalone target not found
Refreshing native plugins compatible for Editor in 0.67 ms, found 3 plugins.
Preloading 0 native plugins for Editor in 0.00 ms.
Mono: successfully reloaded assembly
- Completed reload, in  1.230 seconds
Domain Reload Profiling:
	ReloadAssembly (1231ms)
		BeginReloadAssembly (152ms)
			ExecutionOrderSort (0ms)
			DisableScriptedObjects (6ms)
			BackupInstance (0ms)
			ReleaseScriptingObjects (0ms)
			CreateAndSetChildDomain (42ms)
		EndReloadAssembly (1003ms)
			LoadAssemblies (114ms)
			RebuildTransferFunctionScriptingTraits (0ms)
			SetupTypeCache (397ms)
			ReleaseScriptCaches (1ms)
			RebuildScriptCaches (46ms)
			SetupLoadedEditorAssemblies (332ms)
				LogAssemblyErrors (0ms)
				InitializePlatformSupportModulesInManaged (6ms)
				SetLoadedEditorAssemblies (0ms)
				RefreshPlugins (1ms)
				BeforeProcessingInitializeOnLoad (63ms)
				ProcessInitializeOnLoadAttributes (246ms)
				ProcessInitializeOnLoadMethodAttributes (6ms)
				AfterProcessingInitializeOnLoad (9ms)
				EditorAssembliesLoaded (0ms)
			ExecutionOrderSort2 (0ms)
			AwakeInstancesAfterBackupRestoration (9ms)
Platform modules already initialized, skipping
Refreshing native plugins compatible for Editor in 0.82 ms, found 3 plugins.
Preloading 0 native plugins for Editor in 0.00 ms.
Unloading 2990 Unused Serialized files (Serialized files now loaded: 0)
System memory in use before: 108.0 MB.
System memory in use after: 108.3 MB.

Unloading 21 unused Assets to reduce memory usage. Loaded Objects now: 3458.
Total: 4.310000 ms (FindLiveObjects: 0.302100 ms CreateObjectMapping: 0.087900 ms MarkObjects: 3.879700 ms  DeleteObjects: 0.039000 ms)

AssetImportParameters requested are different than current active one (requested -> active):
  custom:framework-win-MediaFoundation: 216162199b28c13a410421893ffa2e32 -> 
  custom:video-decoder-ogg-theora: a1e56fd34408186e4bbccfd4996cb3dc -> 
  custom:container-muxer-webm: aa71ff27fc2769a1b78a27578f13a17b -> 
  custom:container-demuxer-webm: 4f35f7cbe854078d1ac9338744f61a02 -> 
  custom:container-demuxer-ogg: 62fdf1f143b41e24485cea50d1cbac27 -> 
  custom:video-encoder-webm-vp8: eb34c28f22e8b96e1ab97ce403110664 -> 
  custom:video-decoder-webm-vp8: 9c59270c3fd7afecdb556c50c9e8de78 -> 
  custom:audio-decoder-ogg-vorbis: bf7c407c2cedff20999df2af8eb42d56 -> 
  custom:audio-encoder-webm-vorbis: bf7c407c2cedff20999df2af8eb42d56 -> 
========================================================================
Received Import Request.
  Time since last request: 32.282547 seconds.
  path: Assets/Scripts/Battle/BattleSystem.cs
  artifactKey: Guid(1d65d93847d41184886fa8e5157db7cf) Importer(815301076,1909f56bfc062723c751e8b465ee728b)
Start importing Assets/Scripts/Battle/BattleSystem.cs using Guid(1d65d93847d41184886fa8e5157db7cf) Importer(815301076,1909f56bfc062723c751e8b465ee728b)  -> (artifact id: '5449e6c7f84e320c8f6e0adc81f62f1d') in 0.014979 seconds 
========================================================================
Received Import Request.
  Time since last request: 2.848828 seconds.
  path: Assets/Scripts/Collectables/Collectable Number.asset
  artifactKey: Guid(036c24e42403a204daca88534a2c4083) Importer(815301076,1909f56bfc062723c751e8b465ee728b)
Start importing Assets/Scripts/Collectables/Collectable Number.asset using Guid(036c24e42403a204daca88534a2c4083) Importer(815301076,1909f56bfc062723c751e8b465ee728b)  -> (artifact id: '9521d71a161b3142a92d8c2c8ff8c403') in 0.010069 seconds 
========================================================================
Received Import Request.
  Time since last request: 2.718099 seconds.
  path: Assets/Scripts/Collectables/Collectable.cs
  artifactKey: Guid(c0cb14fdf38ec434f9f0985f7d6677b9) Importer(815301076,1909f56bfc062723c751e8b465ee728b)
Start importing Assets/Scripts/Collectables/Collectable.cs using Guid(c0cb14fdf38ec434f9f0985f7d6677b9) Importer(815301076,1909f56bfc062723c751e8b465ee728b)  -> (artifact id: '4b5fa728e8081b9ed4c28bfe73631b50') in 0.002612 seconds 
========================================================================
Received Import Request.
  Time since last request: 0.391679 seconds.
  path: Assets/Scripts/Collectables/CollectableCounter.cs
  artifactKey: Guid(f2233c998d0d0a94c84d24c310d3589e) Importer(815301076,1909f56bfc062723c751e8b465ee728b)
Start importing Assets/Scripts/Collectables/CollectableCounter.cs using Guid(f2233c998d0d0a94c84d24c310d3589e) Importer(815301076,1909f56bfc062723c751e8b465ee728b)  -> (artifact id: 'fcfae63eeb6bd4bdaf4276dee39b3292') in 0.006868 seconds 
========================================================================
Received Import Request.
  Time since last request: 2.480779 seconds.
  path: Assets/Scripts/Map/Map Management.asset
  artifactKey: Guid(a1677c2f2fe887f4a901751ad1393154) Importer(815301076,1909f56bfc062723c751e8b465ee728b)
Start importing Assets/Scripts/Map/Map Management.asset using Guid(a1677c2f2fe887f4a901751ad1393154) Importer(815301076,1909f56bfc062723c751e8b465ee728b)  -> (artifact id: '972d1f628f74760f919ed25e34353178') in 0.009199 seconds 
========================================================================
Received Import Request.
  Time since last request: 10.713118 seconds.
  path: Assets/Scripts/Map/MapAssignment.cs
  artifactKey: Guid(38c8c13da4f37fb45aecb937004a6ae1) Importer(815301076,1909f56bfc062723c751e8b465ee728b)
Start importing Assets/Scripts/Map/MapAssignment.cs using Guid(38c8c13da4f37fb45aecb937004a6ae1) Importer(815301076,1909f56bfc062723c751e8b465ee728b)  -> (artifact id: 'cd1807fa3a6e755417a4f6d0c608e364') in 0.003159 seconds 
========================================================================
Received Import Request.
  Time since last request: 0.721901 seconds.
  path: Assets/Scripts/Map/MapManagement.cs
  artifactKey: Guid(44e0e4413aa6c04449514b502bfa0044) Importer(815301076,1909f56bfc062723c751e8b465ee728b)
Start importing Assets/Scripts/Map/MapManagement.cs using Guid(44e0e4413aa6c04449514b502bfa0044) Importer(815301076,1909f56bfc062723c751e8b465ee728b)  -> (artifact id: '63029e67979e109c14a07b9318d2f2ac') in 0.003284 seconds 
========================================================================
Received Import Request.
  Time since last request: 0.897390 seconds.
  path: Assets/Scripts/Map/Tile.cs
  artifactKey: Guid(ea13f312235eee14cb8801942af63b39) Importer(815301076,1909f56bfc062723c751e8b465ee728b)
Start importing Assets/Scripts/Map/Tile.cs using Guid(ea13f312235eee14cb8801942af63b39) Importer(815301076,1909f56bfc062723c751e8b465ee728b)  -> (artifact id: '670caec17b69bf71f5d3fd615350b4b4') in 0.007591 seconds 
========================================================================
Received Import Request.
  Time since last request: 7.614231 seconds.
  path: Assets/Scripts/Player/Player 1 Infos.asset
  artifactKey: Guid(780ec020dcde7f545bcba9ae030f212e) Importer(815301076,1909f56bfc062723c751e8b465ee728b)
Start importing Assets/Scripts/Player/Player 1 Infos.asset using Guid(780ec020dcde7f545bcba9ae030f212e) Importer(815301076,1909f56bfc062723c751e8b465ee728b)  -> (artifact id: 'd82d7b909f1a781acb2345fc446efdde') in 0.007932 seconds 
========================================================================
Received Import Request.
  Time since last request: 0.000206 seconds.
  path: Assets/Scripts/Player/Player 2 Infos.asset
  artifactKey: Guid(3c5a2ded49f719145a66fdbf5c51b019) Importer(815301076,1909f56bfc062723c751e8b465ee728b)
Start importing Assets/Scripts/Player/Player 2 Infos.asset using Guid(3c5a2ded49f719145a66fdbf5c51b019) Importer(815301076,1909f56bfc062723c751e8b465ee728b)  -> (artifact id: 'f299dc99032c570e176f19197e9dfaf1') in 0.008325 seconds 
========================================================================
Received Import Request.
  Time since last request: 3.219261 seconds.
  path: Assets/Scripts/Player/PlayerInfos.cs
  artifactKey: Guid(ea283e9d2b610a046a2caec32435e915) Importer(815301076,1909f56bfc062723c751e8b465ee728b)
Start importing Assets/Scripts/Player/PlayerInfos.cs using Guid(ea283e9d2b610a046a2caec32435e915) Importer(815301076,1909f56bfc062723c751e8b465ee728b)  -> (artifact id: 'c5f35a682e5458e22b7482cdad5f9b27') in 0.007303 seconds 
========================================================================
Received Import Request.
  Time since last request: 3.864070 seconds.
  path: Assets/Scripts/Player/PlayerMoveToClick.cs
  artifactKey: Guid(8b825943e2bbbfc45bdebf6b5cc674a4) Importer(815301076,1909f56bfc062723c751e8b465ee728b)
Start importing Assets/Scripts/Player/PlayerMoveToClick.cs using Guid(8b825943e2bbbfc45bdebf6b5cc674a4) Importer(815301076,1909f56bfc062723c751e8b465ee728b)  -> (artifact id: 'ebd7c49197969787634c36c74ca4b7b7') in 0.003545 seconds 
========================================================================
Received Import Request.
  Time since last request: 19.399871 seconds.
  path: Assets/Scripts/Player/Player 1.asset
  artifactKey: Guid(780ec020dcde7f545bcba9ae030f212e) Importer(815301076,1909f56bfc062723c751e8b465ee728b)
Start importing Assets/Scripts/Player/Player 1.asset using Guid(780ec020dcde7f545bcba9ae030f212e) Importer(815301076,1909f56bfc062723c751e8b465ee728b)  -> (artifact id: '94bac246aee20b0fa2f2953c7bc75c14') in 0.008421 seconds 
========================================================================
Received Import Request.
  Time since last request: 5.671694 seconds.
  path: Assets/Scripts/Player/Player 2.asset
  artifactKey: Guid(3c5a2ded49f719145a66fdbf5c51b019) Importer(815301076,1909f56bfc062723c751e8b465ee728b)
Start importing Assets/Scripts/Player/Player 2.asset using Guid(3c5a2ded49f719145a66fdbf5c51b019) Importer(815301076,1909f56bfc062723c751e8b465ee728b)  -> (artifact id: '991277edac51e575e7db154a98b8cf39') in 0.007242 seconds 
========================================================================
Received Import Request.
  Time since last request: 52.784320 seconds.
  path: Assets/Scripts/CameraFollow.cs
  artifactKey: Guid(e8e46bec083bc224d9d5716bf58a5015) Importer(815301076,1909f56bfc062723c751e8b465ee728b)
Start importing Assets/Scripts/CameraFollow.cs using Guid(e8e46bec083bc224d9d5716bf58a5015) Importer(815301076,1909f56bfc062723c751e8b465ee728b)  -> (artifact id: 'aa4bd174a9c85b293574f2427ee24a6d') in 0.003325 seconds 
========================================================================
Received Import Request.
  Time since last request: 0.757956 seconds.
  path: Assets/Scripts/HudFunctions.cs
  artifactKey: Guid(d3329c2f27cba8a45a0475a7a27b5fa1) Importer(815301076,1909f56bfc062723c751e8b465ee728b)
Start importing Assets/Scripts/HudFunctions.cs using Guid(d3329c2f27cba8a45a0475a7a27b5fa1) Importer(815301076,1909f56bfc062723c751e8b465ee728b)  -> (artifact id: '78e6ef9325520643a4156b924f07d451') in 0.003934 seconds 
========================================================================
Received Import Request.
  Time since last request: 0.429287 seconds.
  path: Assets/Scripts/MenuController.cs
  artifactKey: Guid(e2bc46f6abb88224f8360acdd0df727f) Importer(815301076,1909f56bfc062723c751e8b465ee728b)
Start importing Assets/Scripts/MenuController.cs using Guid(e2bc46f6abb88224f8360acdd0df727f) Importer(815301076,1909f56bfc062723c751e8b465ee728b)  -> (artifact id: '20f86677fa3247eadf19e8c281d21567') in 0.007188 seconds 
========================================================================
Received Import Request.
  Time since last request: 70.229743 seconds.
  path: Assets/Scripts/MenuController.cs
  artifactKey: Guid(e2bc46f6abb88224f8360acdd0df727f) Importer(815301076,1909f56bfc062723c751e8b465ee728b)
Start importing Assets/Scripts/MenuController.cs using Guid(e2bc46f6abb88224f8360acdd0df727f) Importer(815301076,1909f56bfc062723c751e8b465ee728b)  -> (artifact id: 'da5977e172f899f23dd026d8a4050a7e') in 0.002962 seconds 
========================================================================
Received Prepare
Registering precompiled user dll's ...
Registered in 0.005706 seconds.
Begin MonoManager ReloadAssembly
Symbol file LoadedFromMemory doesn't match image C:\Users\Pedro Nunes\Documents\GitHub\SidiaBoardGame\SidiaBoardgame\Library\PackageCache\com.unity.visualscripting@1.6.1\Editor\VisualScripting.Core\Dependencies\YamlDotNet\Unity.VisualScripting.YamlDotNet.dll
Symbol file LoadedFromMemory doesn't match image C:\Users\Pedro Nunes\Documents\GitHub\SidiaBoardGame\SidiaBoardgame\Library\PackageCache\com.unity.visualscripting@1.6.1\Editor\VisualScripting.Core\Dependencies\DotNetZip\Unity.VisualScripting.IonicZip.dll
Native extension for WindowsStandalone target not found
Refreshing native plugins compatible for Editor in 0.66 ms, found 3 plugins.
Preloading 0 native plugins for Editor in 0.00 ms.
Mono: successfully reloaded assembly
- Completed reload, in  1.248 seconds
Domain Reload Profiling:
	ReloadAssembly (1249ms)
		BeginReloadAssembly (158ms)
			ExecutionOrderSort (0ms)
			DisableScriptedObjects (6ms)
			BackupInstance (0ms)
			ReleaseScriptingObjects (0ms)
			CreateAndSetChildDomain (44ms)
		EndReloadAssembly (1011ms)
			LoadAssemblies (125ms)
			RebuildTransferFunctionScriptingTraits (0ms)
			SetupTypeCache (406ms)
			ReleaseScriptCaches (1ms)
			RebuildScriptCaches (44ms)
			SetupLoadedEditorAssemblies (335ms)
				LogAssemblyErrors (0ms)
				InitializePlatformSupportModulesInManaged (6ms)
				SetLoadedEditorAssemblies (0ms)
				RefreshPlugins (1ms)
				BeforeProcessingInitializeOnLoad (62ms)
				ProcessInitializeOnLoadAttributes (251ms)
				ProcessInitializeOnLoadMethodAttributes (5ms)
				AfterProcessingInitializeOnLoad (9ms)
				EditorAssembliesLoaded (0ms)
			ExecutionOrderSort2 (0ms)
			AwakeInstancesAfterBackupRestoration (9ms)
Platform modules already initialized, skipping
Refreshing native plugins compatible for Editor in 0.88 ms, found 3 plugins.
Preloading 0 native plugins for Editor in 0.00 ms.
Unloading 2990 Unused Serialized files (Serialized files now loaded: 0)
System memory in use before: 108.2 MB.
System memory in use after: 108.4 MB.

Unloading 15 unused Assets to reduce memory usage. Loaded Objects now: 3463.
Total: 4.326400 ms (FindLiveObjects: 0.350800 ms CreateObjectMapping: 0.171700 ms MarkObjects: 3.724900 ms  DeleteObjects: 0.077500 ms)

AssetImportParameters requested are different than current active one (requested -> active):
  custom:framework-win-MediaFoundation: 216162199b28c13a410421893ffa2e32 -> 
  custom:video-decoder-ogg-theora: a1e56fd34408186e4bbccfd4996cb3dc -> 
  custom:container-muxer-webm: aa71ff27fc2769a1b78a27578f13a17b -> 
  custom:container-demuxer-webm: 4f35f7cbe854078d1ac9338744f61a02 -> 
  custom:container-demuxer-ogg: 62fdf1f143b41e24485cea50d1cbac27 -> 
  custom:video-encoder-webm-vp8: eb34c28f22e8b96e1ab97ce403110664 -> 
  custom:video-decoder-webm-vp8: 9c59270c3fd7afecdb556c50c9e8de78 -> 
  custom:audio-decoder-ogg-vorbis: bf7c407c2cedff20999df2af8eb42d56 -> 
  custom:audio-encoder-webm-vorbis: bf7c407c2cedff20999df2af8eb42d56 -> 
========================================================================
Received Import Request.
  Time since last request: 198.641045 seconds.
  path: Assets/Scripts/Character Status/CharacterCard.cs
  artifactKey: Guid(2b348f055db1e2e4fab808eba276df08) Importer(815301076,1909f56bfc062723c751e8b465ee728b)
Start importing Assets/Scripts/Character Status/CharacterCard.cs using Guid(2b348f055db1e2e4fab808eba276df08) Importer(815301076,1909f56bfc062723c751e8b465ee728b)  -> (artifact id: 'a5ea00f97ee6c2b9e3efc3343b04d897') in 0.011902 seconds 
========================================================================
Received Import Request.
  Time since last request: 417.502951 seconds.
  path: Assets/Scenes/Menu.unity
  artifactKey: Guid(058705158b304f049ae5e8a590f0b7ec) Importer(815301076,1909f56bfc062723c751e8b465ee728b)
Start importing Assets/Scenes/Menu.unity using Guid(058705158b304f049ae5e8a590f0b7ec) Importer(815301076,1909f56bfc062723c751e8b465ee728b)  -> (artifact id: '7883378686a1f4317cd58f5a9f970ed6') in 0.012224 seconds 
========================================================================
Received Prepare
Registering precompiled user dll's ...
Registered in 0.005534 seconds.
Begin MonoManager ReloadAssembly
Symbol file LoadedFromMemory doesn't match image C:\Users\Pedro Nunes\Documents\GitHub\SidiaBoardGame\SidiaBoardgame\Library\PackageCache\com.unity.visualscripting@1.6.1\Editor\VisualScripting.Core\Dependencies\YamlDotNet\Unity.VisualScripting.YamlDotNet.dll
Symbol file LoadedFromMemory doesn't match image C:\Users\Pedro Nunes\Documents\GitHub\SidiaBoardGame\SidiaBoardgame\Library\PackageCache\com.unity.visualscripting@1.6.1\Editor\VisualScripting.Core\Dependencies\DotNetZip\Unity.VisualScripting.IonicZip.dll
Native extension for WindowsStandalone target not found
Refreshing native plugins compatible for Editor in 0.64 ms, found 3 plugins.
Preloading 0 native plugins for Editor in 0.00 ms.
Mono: successfully reloaded assembly
- Completed reload, in  1.206 seconds
Domain Reload Profiling:
	ReloadAssembly (1206ms)
		BeginReloadAssembly (148ms)
			ExecutionOrderSort (0ms)
			DisableScriptedObjects (5ms)
			BackupInstance (0ms)
			ReleaseScriptingObjects (0ms)
			CreateAndSetChildDomain (42ms)
		EndReloadAssembly (985ms)
			LoadAssemblies (115ms)
			RebuildTransferFunctionScriptingTraits (0ms)
			SetupTypeCache (382ms)
			ReleaseScriptCaches (1ms)
			RebuildScriptCaches (48ms)
			SetupLoadedEditorAssemblies (330ms)
				LogAssemblyErrors (0ms)
				InitializePlatformSupportModulesInManaged (6ms)
				SetLoadedEditorAssemblies (0ms)
				RefreshPlugins (1ms)
				BeforeProcessingInitializeOnLoad (58ms)
				ProcessInitializeOnLoadAttributes (250ms)
				ProcessInitializeOnLoadMethodAttributes (5ms)
				AfterProcessingInitializeOnLoad (9ms)
				EditorAssembliesLoaded (0ms)
			ExecutionOrderSort2 (0ms)
			AwakeInstancesAfterBackupRestoration (10ms)
Platform modules already initialized, skipping
Refreshing native plugins compatible for Editor in 0.69 ms, found 3 plugins.
Preloading 0 native plugins for Editor in 0.00 ms.
Unloading 2990 Unused Serialized files (Serialized files now loaded: 0)
System memory in use before: 108.2 MB.
System memory in use after: 108.4 MB.

Unloading 15 unused Assets to reduce memory usage. Loaded Objects now: 3465.
Total: 3.403800 ms (FindLiveObjects: 0.266500 ms CreateObjectMapping: 0.083000 ms MarkObjects: 3.033000 ms  DeleteObjects: 0.019900 ms)

AssetImportParameters requested are different than current active one (requested -> active):
  custom:framework-win-MediaFoundation: 216162199b28c13a410421893ffa2e32 -> 
  custom:video-decoder-ogg-theora: a1e56fd34408186e4bbccfd4996cb3dc -> 
  custom:container-muxer-webm: aa71ff27fc2769a1b78a27578f13a17b -> 
  custom:container-demuxer-webm: 4f35f7cbe854078d1ac9338744f61a02 -> 
  custom:container-demuxer-ogg: 62fdf1f143b41e24485cea50d1cbac27 -> 
  custom:video-encoder-webm-vp8: eb34c28f22e8b96e1ab97ce403110664 -> 
  custom:video-decoder-webm-vp8: 9c59270c3fd7afecdb556c50c9e8de78 -> 
  custom:audio-decoder-ogg-vorbis: bf7c407c2cedff20999df2af8eb42d56 -> 
  custom:audio-encoder-webm-vorbis: bf7c407c2cedff20999df2af8eb42d56 -> 
========================================================================
Received Import Request.
  Time since last request: 5.500747 seconds.
  path: Assets/Scenes/Game Scene.unity
  artifactKey: Guid(1f1505c83d2b3584e95b8e4392230b85) Importer(815301076,1909f56bfc062723c751e8b465ee728b)
Start importing Assets/Scenes/Game Scene.unity using Guid(1f1505c83d2b3584e95b8e4392230b85) Importer(815301076,1909f56bfc062723c751e8b465ee728b)  -> (artifact id: '0ec40b157f7ba1c879e34cf1246eb571') in 0.014776 seconds 
========================================================================
Received Import Request.
  Time since last request: 35.377001 seconds.
  path: Assets/Resources/Materials
  artifactKey: Guid(ac315dd20673cc44c8d48ea108edd58b) Importer(815301076,1909f56bfc062723c751e8b465ee728b)
Start importing Assets/Resources/Materials using Guid(ac315dd20673cc44c8d48ea108edd58b) Importer(815301076,1909f56bfc062723c751e8b465ee728b)  -> (artifact id: 'e6cf5abf36bd445a0bcff7a94d494700') in 0.010966 seconds 
========================================================================
Received Import Request.
  Time since last request: 0.639064 seconds.
  path: Assets/Resources/Materials/CollectableMaterial.mat
  artifactKey: Guid(3c40e9049e4a6f44c9516797f0f7d0c5) Importer(815301076,1909f56bfc062723c751e8b465ee728b)
Start importing Assets/Resources/Materials/CollectableMaterial.mat using Guid(3c40e9049e4a6f44c9516797f0f7d0c5) Importer(815301076,1909f56bfc062723c751e8b465ee728b)  -> (artifact id: 'a247edfde58f10592d5187830efebd3d') in 0.097551 seconds 
========================================================================
Received Import Request.
  Time since last request: 0.000261 seconds.
  path: Assets/Resources/Materials/Tile Material.mat
  artifactKey: Guid(fb652e595c870774c8327cfacdbfb167) Importer(815301076,1909f56bfc062723c751e8b465ee728b)
Start importing Assets/Resources/Materials/Tile Material.mat using Guid(fb652e595c870774c8327cfacdbfb167) Importer(815301076,1909f56bfc062723c751e8b465ee728b)  -> (artifact id: 'f1c7f4df1d364fffdfd799e7d7ca085f') in 0.014911 seconds 
========================================================================
Received Import Request.
  Time since last request: 0.000263 seconds.
  path: Assets/Resources/Materials/Player1Material.mat
  artifactKey: Guid(794195236ba071946a7fed9b58e1b8cf) Importer(815301076,1909f56bfc062723c751e8b465ee728b)
Start importing Assets/Resources/Materials/Player1Material.mat using Guid(794195236ba071946a7fed9b58e1b8cf) Importer(815301076,1909f56bfc062723c751e8b465ee728b)  -> (artifact id: '89639c198fff434263d412e29d1b14e1') in 0.015503 seconds 
========================================================================
Received Import Request.
  Time since last request: 0.000160 seconds.
  path: Assets/Resources/Materials/Player2Material.mat
  artifactKey: Guid(902cb5c64c8a7254d8f2724387371549) Importer(815301076,1909f56bfc062723c751e8b465ee728b)
Start importing Assets/Resources/Materials/Player2Material.mat using Guid(902cb5c64c8a7254d8f2724387371549) Importer(815301076,1909f56bfc062723c751e8b465ee728b)  -> (artifact id: '5b89dfe514825d0bf359cf94e17909f5') in 0.014121 seconds 
========================================================================
Received Import Request.
  Time since last request: 28.210587 seconds.
  path: Assets/Ressources/Prefabs/DamageCollectable.prefab
  artifactKey: Guid(199ae98377634734d838fb52c31e2970) Importer(815301076,1909f56bfc062723c751e8b465ee728b)
Start importing Assets/Ressources/Prefabs/DamageCollectable.prefab using Guid(199ae98377634734d838fb52c31e2970) Importer(815301076,1909f56bfc062723c751e8b465ee728b)  -> (artifact id: '5b63511e76302e049cb7101ed3f1a863') in 0.024491 seconds 
========================================================================
Received Import Request.
  Time since last request: 0.000232 seconds.
  path: Assets/Ressources/Prefabs/HealthCollectable.prefab
  artifactKey: Guid(045ae4b6df2f87c4d995069c0aeb535b) Importer(815301076,1909f56bfc062723c751e8b465ee728b)
Start importing Assets/Ressources/Prefabs/HealthCollectable.prefab using Guid(045ae4b6df2f87c4d995069c0aeb535b) Importer(815301076,1909f56bfc062723c751e8b465ee728b)  -> (artifact id: 'ed7139dd2a5f3752c0a73928e3a81a83') in 0.012470 seconds 
========================================================================
Received Import Request.
  Time since last request: 0.000215 seconds.
  path: Assets/Ressources/Prefabs/MoveCollectable.prefab
  artifactKey: Guid(d7bc4b1bb627f8e4a9532b3da17ed189) Importer(815301076,1909f56bfc062723c751e8b465ee728b)
Start importing Assets/Ressources/Prefabs/MoveCollectable.prefab using Guid(d7bc4b1bb627f8e4a9532b3da17ed189) Importer(815301076,1909f56bfc062723c751e8b465ee728b)  -> (artifact id: 'af0997df4fc54af7f24dcfa1a28f8541') in 0.015189 seconds 
========================================================================
Received Import Request.
  Time since last request: 7.218404 seconds.
  path: Assets/Resources/Prefabs/DamageCollectable.prefab
  artifactKey: Guid(6983c6f9df1b550418f1c05cfa75c1ea) Importer(815301076,1909f56bfc062723c751e8b465ee728b)
Start importing Assets/Resources/Prefabs/DamageCollectable.prefab using Guid(6983c6f9df1b550418f1c05cfa75c1ea) Importer(815301076,1909f56bfc062723c751e8b465ee728b)  -> (artifact id: '32b29b3ef06f4a14deb1aab70bb753d8') in 0.010895 seconds 
========================================================================
Received Import Request.
  Time since last request: 0.000199 seconds.
  path: Assets/Resources/Prefabs/ExtraHealthCollectable.prefab
  artifactKey: Guid(5d109509beba05e408e7bcd5a11099d9) Importer(815301076,1909f56bfc062723c751e8b465ee728b)
Start importing Assets/Resources/Prefabs/ExtraHealthCollectable.prefab using Guid(5d109509beba05e408e7bcd5a11099d9) Importer(815301076,1909f56bfc062723c751e8b465ee728b)  -> (artifact id: '52f0d01116f6589c796087c3c5c5f6c2') in 0.015973 seconds 
========================================================================
Received Import Request.
  Time since last request: 0.000206 seconds.
  path: Assets/Resources/Prefabs/MoveCollectable.prefab
  artifactKey: Guid(149e225d6085de343a37251f20c2ee87) Importer(815301076,1909f56bfc062723c751e8b465ee728b)
Start importing Assets/Resources/Prefabs/MoveCollectable.prefab using Guid(149e225d6085de343a37251f20c2ee87) Importer(815301076,1909f56bfc062723c751e8b465ee728b)  -> (artifact id: 'a385768dc301cc2281c4cc03fda93db1') in 0.013516 seconds 
========================================================================
Received Import Request.
  Time since last request: 0.000220 seconds.
  path: Assets/Resources/Prefabs/Player2.prefab
  artifactKey: Guid(d16657b4962af7c4d9f53ba33515deb0) Importer(815301076,1909f56bfc062723c751e8b465ee728b)
Start importing Assets/Resources/Prefabs/Player2.prefab using Guid(d16657b4962af7c4d9f53ba33515deb0) Importer(815301076,1909f56bfc062723c751e8b465ee728b)  -> (artifact id: '0f72507a1bb9dee15fb45ac3d7715bbe') in 0.014350 seconds 
========================================================================
Received Import Request.
  Time since last request: 0.000192 seconds.
  path: Assets/Resources/Prefabs/Tile.prefab
  artifactKey: Guid(dad35d8df1eb56046b93b6633891e6e6) Importer(815301076,1909f56bfc062723c751e8b465ee728b)
Start importing Assets/Resources/Prefabs/Tile.prefab using Guid(dad35d8df1eb56046b93b6633891e6e6) Importer(815301076,1909f56bfc062723c751e8b465ee728b)  -> (artifact id: '092f32e9510e56d305f7469336898bcd') in 0.012771 seconds 
========================================================================
Received Import Request.
  Time since last request: 0.000180 seconds.
  path: Assets/Resources/Prefabs/Player1.prefab
  artifactKey: Guid(99e1ac2be5dc8cb4e94feb2a1bf135d9) Importer(815301076,1909f56bfc062723c751e8b465ee728b)
Start importing Assets/Resources/Prefabs/Player1.prefab using Guid(99e1ac2be5dc8cb4e94feb2a1bf135d9) Importer(815301076,1909f56bfc062723c751e8b465ee728b)  -> (artifact id: '333583593ef47791482a9444fb625bb3') in 0.013285 seconds 
========================================================================
Received Import Request.
  Time since last request: 165.978351 seconds.
  path: Assets/Scenes/New Scene/NavMesh.asset
  artifactKey: Guid(79262cb0db00b434db52222a37d1141e) Importer(815301076,1909f56bfc062723c751e8b465ee728b)
Start importing Assets/Scenes/New Scene/NavMesh.asset using Guid(79262cb0db00b434db52222a37d1141e) Importer(815301076,1909f56bfc062723c751e8b465ee728b)  -> (artifact id: '968f59752e88b3e3ab1d4c27e7764ca4') in 0.004078 seconds 
========================================================================
Received Prepare
Registering precompiled user dll's ...
Registered in 0.005817 seconds.
Begin MonoManager ReloadAssembly
Symbol file LoadedFromMemory doesn't match image C:\Users\Pedro Nunes\Documents\GitHub\SidiaBoardGame\SidiaBoardgame\Library\PackageCache\com.unity.visualscripting@1.6.1\Editor\VisualScripting.Core\Dependencies\YamlDotNet\Unity.VisualScripting.YamlDotNet.dll
Symbol file LoadedFromMemory doesn't match image C:\Users\Pedro Nunes\Documents\GitHub\SidiaBoardGame\SidiaBoardgame\Library\PackageCache\com.unity.visualscripting@1.6.1\Editor\VisualScripting.Core\Dependencies\DotNetZip\Unity.VisualScripting.IonicZip.dll
Native extension for WindowsStandalone target not found
Refreshing native plugins compatible for Editor in 0.79 ms, found 3 plugins.
Preloading 0 native plugins for Editor in 0.00 ms.
Mono: successfully reloaded assembly
- Completed reload, in  1.251 seconds
Domain Reload Profiling:
	ReloadAssembly (1252ms)
		BeginReloadAssembly (145ms)
			ExecutionOrderSort (0ms)
			DisableScriptedObjects (5ms)
			BackupInstance (0ms)
			ReleaseScriptingObjects (0ms)
			CreateAndSetChildDomain (45ms)
		EndReloadAssembly (1029ms)
			LoadAssemblies (117ms)
			RebuildTransferFunctionScriptingTraits (0ms)
			SetupTypeCache (403ms)
			ReleaseScriptCaches (1ms)
			RebuildScriptCaches (45ms)
			SetupLoadedEditorAssemblies (346ms)
				LogAssemblyErrors (0ms)
				InitializePlatformSupportModulesInManaged (6ms)
				SetLoadedEditorAssemblies (1ms)
				RefreshPlugins (1ms)
				BeforeProcessingInitializeOnLoad (61ms)
				ProcessInitializeOnLoadAttributes (263ms)
				ProcessInitializeOnLoadMethodAttributes (5ms)
				AfterProcessingInitializeOnLoad (9ms)
				EditorAssembliesLoaded (0ms)
			ExecutionOrderSort2 (0ms)
			AwakeInstancesAfterBackupRestoration (9ms)
Platform modules already initialized, skipping
Refreshing native plugins compatible for Editor in 0.66 ms, found 3 plugins.
Preloading 0 native plugins for Editor in 0.00 ms.
Unloading 2990 Unused Serialized files (Serialized files now loaded: 0)
System memory in use before: 112.1 MB.
System memory in use after: 112.4 MB.

Unloading 15 unused Assets to reduce memory usage. Loaded Objects now: 3508.
Total: 3.474300 ms (FindLiveObjects: 0.278300 ms CreateObjectMapping: 0.080700 ms MarkObjects: 3.096600 ms  DeleteObjects: 0.017400 ms)

AssetImportParameters requested are different than current active one (requested -> active):
  custom:framework-win-MediaFoundation: 216162199b28c13a410421893ffa2e32 -> 
  custom:video-decoder-ogg-theora: a1e56fd34408186e4bbccfd4996cb3dc -> 
  custom:container-muxer-webm: aa71ff27fc2769a1b78a27578f13a17b -> 
  custom:container-demuxer-webm: 4f35f7cbe854078d1ac9338744f61a02 -> 
  custom:container-demuxer-ogg: 62fdf1f143b41e24485cea50d1cbac27 -> 
  custom:video-encoder-webm-vp8: eb34c28f22e8b96e1ab97ce403110664 -> 
  custom:video-decoder-webm-vp8: 9c59270c3fd7afecdb556c50c9e8de78 -> 
  custom:audio-decoder-ogg-vorbis: bf7c407c2cedff20999df2af8eb42d56 -> 
  custom:audio-encoder-webm-vorbis: bf7c407c2cedff20999df2af8eb42d56 -> 
========================================================================
Received Prepare
Registering precompiled user dll's ...
Registered in 0.007005 seconds.
Begin MonoManager ReloadAssembly
Symbol file LoadedFromMemory doesn't match image C:\Users\Pedro Nunes\Documents\GitHub\SidiaBoardGame\SidiaBoardgame\Library\PackageCache\com.unity.visualscripting@1.6.1\Editor\VisualScripting.Core\Dependencies\YamlDotNet\Unity.VisualScripting.YamlDotNet.dll
Symbol file LoadedFromMemory doesn't match image C:\Users\Pedro Nunes\Documents\GitHub\SidiaBoardGame\SidiaBoardgame\Library\PackageCache\com.unity.visualscripting@1.6.1\Editor\VisualScripting.Core\Dependencies\DotNetZip\Unity.VisualScripting.IonicZip.dll
Native extension for WindowsStandalone target not found
Refreshing native plugins compatible for Editor in 0.67 ms, found 3 plugins.
Preloading 0 native plugins for Editor in 0.00 ms.
Mono: successfully reloaded assembly
- Completed reload, in  1.239 seconds
Domain Reload Profiling:
	ReloadAssembly (1240ms)
		BeginReloadAssembly (154ms)
			ExecutionOrderSort (0ms)
			DisableScriptedObjects (6ms)
			BackupInstance (0ms)
			ReleaseScriptingObjects (0ms)
			CreateAndSetChildDomain (47ms)
		EndReloadAssembly (1008ms)
			LoadAssemblies (116ms)
			RebuildTransferFunctionScriptingTraits (0ms)
			SetupTypeCache (394ms)
			ReleaseScriptCaches (1ms)
			RebuildScriptCaches (52ms)
			SetupLoadedEditorAssemblies (334ms)
				LogAssemblyErrors (0ms)
				InitializePlatformSupportModulesInManaged (6ms)
				SetLoadedEditorAssemblies (1ms)
				RefreshPlugins (1ms)
				BeforeProcessingInitializeOnLoad (60ms)
				ProcessInitializeOnLoadAttributes (251ms)
				ProcessInitializeOnLoadMethodAttributes (6ms)
				AfterProcessingInitializeOnLoad (10ms)
				EditorAssembliesLoaded (0ms)
			ExecutionOrderSort2 (0ms)
			AwakeInstancesAfterBackupRestoration (11ms)
Platform modules already initialized, skipping
Refreshing native plugins compatible for Editor in 0.79 ms, found 3 plugins.
Preloading 0 native plugins for Editor in 0.00 ms.
Unloading 2990 Unused Serialized files (Serialized files now loaded: 0)
System memory in use before: 112.1 MB.
System memory in use after: 112.4 MB.

Unloading 15 unused Assets to reduce memory usage. Loaded Objects now: 3510.
Total: 4.959300 ms (FindLiveObjects: 0.299500 ms CreateObjectMapping: 0.086900 ms MarkObjects: 4.544600 ms  DeleteObjects: 0.026500 ms)

AssetImportParameters requested are different than current active one (requested -> active):
  custom:framework-win-MediaFoundation: 216162199b28c13a410421893ffa2e32 -> 
  custom:video-decoder-ogg-theora: a1e56fd34408186e4bbccfd4996cb3dc -> 
  custom:container-muxer-webm: aa71ff27fc2769a1b78a27578f13a17b -> 
  custom:container-demuxer-webm: 4f35f7cbe854078d1ac9338744f61a02 -> 
  custom:container-demuxer-ogg: 62fdf1f143b41e24485cea50d1cbac27 -> 
  custom:video-encoder-webm-vp8: eb34c28f22e8b96e1ab97ce403110664 -> 
  custom:video-decoder-webm-vp8: 9c59270c3fd7afecdb556c50c9e8de78 -> 
  custom:audio-decoder-ogg-vorbis: bf7c407c2cedff20999df2af8eb42d56 -> 
  custom:audio-encoder-webm-vorbis: bf7c407c2cedff20999df2af8eb42d56 -> 
========================================================================
Received Import Request.
  Time since last request: 395.139278 seconds.
  path: ProjectSettings/TagManager.asset
  artifactKey: Guid(00000000000000003000000000000000) Importer(815301076,1909f56bfc062723c751e8b465ee728b)
Start importing ProjectSettings/TagManager.asset using Guid(00000000000000003000000000000000) Importer(815301076,1909f56bfc062723c751e8b465ee728b)  -> (artifact id: 'ce6a35c3cddc746e7501c0bd0ed6d4ce') in 0.020633 seconds 
========================================================================
Received Prepare
Registering precompiled user dll's ...
Registered in 0.006201 seconds.
Begin MonoManager ReloadAssembly
Symbol file LoadedFromMemory doesn't match image C:\Users\Pedro Nunes\Documents\GitHub\SidiaBoardGame\SidiaBoardgame\Library\PackageCache\com.unity.visualscripting@1.6.1\Editor\VisualScripting.Core\Dependencies\YamlDotNet\Unity.VisualScripting.YamlDotNet.dll
Symbol file LoadedFromMemory doesn't match image C:\Users\Pedro Nunes\Documents\GitHub\SidiaBoardGame\SidiaBoardgame\Library\PackageCache\com.unity.visualscripting@1.6.1\Editor\VisualScripting.Core\Dependencies\DotNetZip\Unity.VisualScripting.IonicZip.dll
Native extension for WindowsStandalone target not found
Refreshing native plugins compatible for Editor in 0.64 ms, found 3 plugins.
Preloading 0 native plugins for Editor in 0.00 ms.
Mono: successfully reloaded assembly
- Completed reload, in  1.191 seconds
Domain Reload Profiling:
	ReloadAssembly (1191ms)
		BeginReloadAssembly (137ms)
			ExecutionOrderSort (0ms)
			DisableScriptedObjects (6ms)
			BackupInstance (0ms)
			ReleaseScriptingObjects (0ms)
			CreateAndSetChildDomain (37ms)
		EndReloadAssembly (982ms)
			LoadAssemblies (109ms)
			RebuildTransferFunctionScriptingTraits (0ms)
			SetupTypeCache (378ms)
			ReleaseScriptCaches (1ms)
			RebuildScriptCaches (44ms)
			SetupLoadedEditorAssemblies (336ms)
				LogAssemblyErrors (0ms)
				InitializePlatformSupportModulesInManaged (6ms)
				SetLoadedEditorAssemblies (0ms)
				RefreshPlugins (1ms)
				BeforeProcessingInitializeOnLoad (64ms)
				ProcessInitializeOnLoadAttributes (250ms)
				ProcessInitializeOnLoadMethodAttributes (6ms)
				AfterProcessingInitializeOnLoad (9ms)
				EditorAssembliesLoaded (0ms)
			ExecutionOrderSort2 (0ms)
			AwakeInstancesAfterBackupRestoration (9ms)
Platform modules already initialized, skipping
Refreshing native plugins compatible for Editor in 0.69 ms, found 3 plugins.
Preloading 0 native plugins for Editor in 0.00 ms.
Unloading 2990 Unused Serialized files (Serialized files now loaded: 0)
System memory in use before: 112.2 MB.
System memory in use after: 112.4 MB.

Unloading 16 unused Assets to reduce memory usage. Loaded Objects now: 3512.
Total: 3.625900 ms (FindLiveObjects: 0.296800 ms CreateObjectMapping: 0.081000 ms MarkObjects: 3.225900 ms  DeleteObjects: 0.020500 ms)

AssetImportParameters requested are different than current active one (requested -> active):
  custom:framework-win-MediaFoundation: 216162199b28c13a410421893ffa2e32 -> 
  custom:video-decoder-ogg-theora: a1e56fd34408186e4bbccfd4996cb3dc -> 
  custom:container-muxer-webm: aa71ff27fc2769a1b78a27578f13a17b -> 
  custom:container-demuxer-webm: 4f35f7cbe854078d1ac9338744f61a02 -> 
  custom:container-demuxer-ogg: 62fdf1f143b41e24485cea50d1cbac27 -> 
  custom:video-encoder-webm-vp8: eb34c28f22e8b96e1ab97ce403110664 -> 
  custom:video-decoder-webm-vp8: 9c59270c3fd7afecdb556c50c9e8de78 -> 
  custom:audio-decoder-ogg-vorbis: bf7c407c2cedff20999df2af8eb42d56 -> 
  custom:audio-encoder-webm-vorbis: bf7c407c2cedff20999df2af8eb42d56 -> 
